<?xml version="1.0" encoding="utf-8" standalone="no"?>
<!--This file represents the results of running a test suite-->
<test-results name="bin\Habanero.Smooth.Test.dll" total="737" errors="0" failures="0" not-run="16" inconclusive="0" ignored="16" skipped="0" invalid="0" date="2011-01-13" time="17:24:16">
  <environment nunit-version="2.5.6.10205" clr-version="2.0.50727.4952" os-version="Microsoft Windows NT 6.1.7600.0" platform="Win32NT" cwd="E:\Systems\HabaneroCommunity\SmoothHabanero\trunk" machine-name="HUDSON" user="chilli" user-domain="CHILLI" />
  <culture-info current-culture="en-ZA" current-uiculture="en-US" />
  <test-suite type="Test Project" name="" executed="True" result="Success" success="True" time="13.084" asserts="0">
    <results>
      <test-suite type="Assembly" name="bin\Habanero.Smooth.Test.dll" executed="True" result="Success" success="True" time="7.136" asserts="0">
        <results>
          <test-suite type="Namespace" name="Habanero" executed="True" result="Success" success="True" time="7.131" asserts="0">
            <results>
              <test-suite type="Namespace" name="Smooth" executed="True" result="Success" success="True" time="7.131" asserts="0">
                <results>
                  <test-suite type="Namespace" name="Test" executed="True" result="Success" success="True" time="7.124" asserts="0">
                    <results>
                      <test-suite type="TestFixture" name="TestAcceptance" executed="True" result="Success" success="True" time="1.325" asserts="0">
                        <results>
                          <test-case name="Habanero.Smooth.Test.TestAcceptance.Test_Map_WhenHaveTwoClassesShouldMapBoth" executed="True" result="Success" success="True" time="0.529" asserts="5" />
                          <test-case name="Habanero.Smooth.Test.TestAcceptance.Test_Map_WhenInheritanceWithNonStandardIDProp_ShouldMapWithCorrectNonStandardIDProp" executed="True" result="Success" success="True" time="0.035" asserts="8" />
                          <test-case name="Habanero.Smooth.Test.TestAcceptance.Test_Map_WhenSingleRelationshipToSubClass_WhenIDPropDeclaredInClassDefXml_ShouldNotCreatePropDefOnSubClass" executed="True" result="Success" success="True" time="0.687" asserts="0" />
                          <test-case name="Habanero.Smooth.Test.TestAcceptance.Test_Map_WhenSingleRelationshipToSubClass_WhenIDPropDeclaredInClassDefXml_ShouldSetRelatedPropToNonStandardID_FixBug1355" executed="True" result="Success" success="True" time="0.044" asserts="4" />
                          <test-case name="Habanero.Smooth.Test.TestAcceptance.Test_Map_WhenSingleRelationshipToSubClass_WhenNonStandardIDProp_ShouldSetRelatedPropToNonStandardID_FixBug1355" executed="True" result="Success" success="True" time="0.009" asserts="4" />
                        </results>
                      </test-suite>
                      <test-suite type="TestFixture" name="TestAllClassesAutoMapper" executed="True" result="Success" success="True" time="1.996" asserts="0">
                        <results>
                          <test-case name="Habanero.Smooth.Test.TestAllClassesAutoMapper.Test_Construct_WithNullsource_ShouldRaiseError" executed="True" result="Success" success="True" time="0.002" asserts="2" />
                          <test-case name="Habanero.Smooth.Test.TestAllClassesAutoMapper.Test_CreateRevRelationship_WhenIsOneToOne_ShouldCreateSingleRevRel" executed="True" result="Success" success="True" time="0.005" asserts="7" />
                          <test-case name="Habanero.Smooth.Test.TestAllClassesAutoMapper.Test_GetClassDefCol_WhenNonSet_ShouldRetEmptyCol" executed="True" result="Success" success="True" time="0.004" asserts="2" />
                          <test-case name="Habanero.Smooth.Test.TestAllClassesAutoMapper.Test_GetTypes_WhenExtDll_ShouldReturnObjectThatOnlyImplementsIBo" executed="True" result="Success" success="True" time="0.014" asserts="1" />
                          <test-case name="Habanero.Smooth.Test.TestAllClassesAutoMapper.Test_IdentityNameConvention_ShouldBeDefaultIfNotSet" executed="True" result="Success" success="True" time="0.001" asserts="1" />
                          <test-case name="Habanero.Smooth.Test.TestAllClassesAutoMapper.Test_Map_When2LayersOfInheritance_AndHasDiscriminatorProp_ShouldNotCreateDiscriminator" executed="True" result="Success" success="True" time="0.012" asserts="4" />
                          <test-case name="Habanero.Smooth.Test.TestAllClassesAutoMapper.Test_Map_WhenHaveTwoClassesShouldMapBoth" executed="True" result="Success" success="True" time="0.006" asserts="5" />
                          <test-case name="Habanero.Smooth.Test.TestAllClassesAutoMapper.Test_Map_WhenInheritance_ShouldCreateDiscriminatorPropInSuperClass" executed="True" result="Success" success="True" time="0.006" asserts="4" />
                          <test-case name="Habanero.Smooth.Test.TestAllClassesAutoMapper.Test_Map_WhenInheritance_ShouldMapInheritenceRelationship" executed="True" result="Success" success="True" time="0.004" asserts="4" />
                          <test-case name="Habanero.Smooth.Test.TestAllClassesAutoMapper.Test_Map_WhenInheritance_ShouldNotCreatePKInSubClass" executed="True" result="Success" success="True" time="0.005" asserts="8" />
                          <test-case name="Habanero.Smooth.Test.TestAllClassesAutoMapper.Test_Map_WhenInheritanceAndHasRelationship_ShouldCreateCorrectRelPropDefs" executed="True" result="Success" success="True" time="0.022" asserts="9" />
                          <test-case name="Habanero.Smooth.Test.TestAllClassesAutoMapper.Test_Map_WhenNotHasFKPropDefined_AndIsOneToMany_ShouldFKProp" executed="True" result="Success" success="True" time="0.008" asserts="4" />
                          <test-case name="Habanero.Smooth.Test.TestAllClassesAutoMapper.Test_Map_WhenNotHasReverseRelDefined_ShouldCreateRelProp" executed="True" result="Success" success="True" time="0.009" asserts="9" />
                          <test-case name="Habanero.Smooth.Test.TestAllClassesAutoMapper.Test_Map_WhenNotHasReverseRelDefined_ShouldCreateReverseRel" executed="True" result="Success" success="True" time="0.009" asserts="11" />
                          <test-case name="Habanero.Smooth.Test.TestAllClassesAutoMapper.Test_Map_WhenNotHasRevRelDefined_AndIsOneToMany_ShouldCreateSingleRevRel" executed="True" result="Success" success="True" time="0.004" asserts="9" />
                          <test-case name="Habanero.Smooth.Test.TestAllClassesAutoMapper.Test_Map_WhenNotHasRevRelDefined_AndIsOneToOne_ShouldCreateSingleRevRel" executed="True" result="Success" success="True" time="0.015" asserts="9" />
                          <test-case name="Habanero.Smooth.Test.TestAllClassesAutoMapper.Test_Map_WhenRelatedClassNotInClassDefCol_ShouldNotRaiseError" executed="True" result="Success" success="True" time="0.002" asserts="2" />
                          <test-case name="Habanero.Smooth.Test.TestAllClassesAutoMapper.Test_Map_WhenTypeInSourceTwice_ShouldAddSingleClassDef" executed="True" result="Success" success="True" time="0.012" asserts="3" />
                          <test-case name="Habanero.Smooth.Test.TestAllClassesAutoMapper.Test_MapClassesForAssembly_ShouldAlwaysResetTheClassDefCol_ShouldMapAllClassesIntheAssembly" executed="True" result="Success" success="True" time="0.007" asserts="2" />
                          <test-case name="Habanero.Smooth.Test.TestAllClassesAutoMapper.Test_MapClassesForAssembly_ShouldMapAllClassesIntheAssembly" executed="True" result="Success" success="True" time="0.004" asserts="3" />
                          <test-case name="Habanero.Smooth.Test.TestAllClassesAutoMapper.Test_MapClassesForType_ShouldMapAllClassesForTheTypesAssembly" executed="True" result="Success" success="True" time="0.004" asserts="3" />
                          <test-case name="Habanero.Smooth.Test.TestAllClassesAutoMapper.Test_MapClassesForTypeWithWhereClause_ShouldMapAllClassesForTheTypesAssemblyMatchingClause" executed="True" result="Success" success="True" time="0.004" asserts="3" />
                          <test-case name="Habanero.Smooth.Test.TestAllClassesAutoMapper.Test_MapWhenHasAbstract_ShouldNotMap" executed="True" result="Success" success="True" time="0.002" asserts="2" />
                          <test-case name="Habanero.Smooth.Test.TestAllClassesAutoMapper.Test_MapWhenHasEnum_ShouldNotMap" executed="True" result="Success" success="True" time="0.001" asserts="2" />
                          <test-case name="Habanero.Smooth.Test.TestAllClassesAutoMapper.Test_MapWhenHasInterface_ShouldNotMap" executed="True" result="Success" success="True" time="0.002" asserts="2" />
                          <test-case name="Habanero.Smooth.Test.TestAllClassesAutoMapper.Test_SetClassDefCol_ShouldSet" executed="True" result="Success" success="True" time="0.000" asserts="1" />
                          <test-case name="Habanero.Smooth.Test.TestAllClassesAutoMapper.Test_SetIdentityNameConvention_ShouldSetCustomConvention" executed="True" result="Success" success="True" time="0.319" asserts="1" />
                          <test-case name="Habanero.Smooth.Test.TestAllClassesAutoMapper.TestAccept_Validate_WhenAllClassDefsLoaded_ShouldBeTrue" executed="True" result="Success" success="True" time="1.492" asserts="2" />
                        </results>
                      </test-suite>
                      <test-suite type="TestFixture" name="TestAppDomainTypeSource" executed="True" result="Success" success="True" time="0.861" asserts="0">
                        <results>
                          <test-case name="Habanero.Smooth.Test.TestAppDomainTypeSource.Test_GetTypes_ShouldNotReturnAbstractClasses" executed="True" result="Success" success="True" time="0.169" asserts="4" />
                          <test-case name="Habanero.Smooth.Test.TestAppDomainTypeSource.Test_GetTypes_ShouldNotReturnGenericClasses" executed="True" result="Success" success="True" time="0.021" asserts="4" />
                          <test-case name="Habanero.Smooth.Test.TestAppDomainTypeSource.Test_GetTypes_ShouldNotReturnInterface" executed="True" result="Success" success="True" time="0.018" asserts="4" />
                          <test-case name="Habanero.Smooth.Test.TestAppDomainTypeSource.Test_GetTypes_ShouldReturnAllTypesImplementingIBoInterface" executed="True" result="Success" success="True" time="0.330" asserts="89" />
                          <test-case name="Habanero.Smooth.Test.TestAppDomainTypeSource.Test_GetTypes_WhenHasWhereClause_ShouldReturnItemsMatchingWhereClause" executed="True" result="Success" success="True" time="0.322" asserts="175" />
                        </results>
                      </test-suite>
                      <test-suite type="TestFixture" name="TestAssemblyTypeSource" executed="True" result="Success" success="True" time="0.028" asserts="0">
                        <results>
                          <test-case name="Habanero.Smooth.Test.TestAssemblyTypeSource.Test_GetAllTypesImplementingIBo_ShouldNotReturnAbstractClasses" executed="True" result="Success" success="True" time="0.001" asserts="4" />
                          <test-case name="Habanero.Smooth.Test.TestAssemblyTypeSource.Test_GetAllTypesImplementingIBo_ShouldNotReturnGenericClasses" executed="True" result="Success" success="True" time="0.001" asserts="4" />
                          <test-case name="Habanero.Smooth.Test.TestAssemblyTypeSource.Test_GetTypes_ShouldNotReturnInterface" executed="True" result="Success" success="True" time="0.001" asserts="2" />
                          <test-case name="Habanero.Smooth.Test.TestAssemblyTypeSource.Test_GetTypes_ShouldReturnAllTypesImplementingIBoInterface" executed="True" result="Success" success="True" time="0.003" asserts="85" />
                          <test-case name="Habanero.Smooth.Test.TestAssemblyTypeSource.Test_GetTypes_ShouldReturnObjectThatOnlyImplementsIBo" executed="True" result="Success" success="True" time="0.000" asserts="1" />
                          <test-case name="Habanero.Smooth.Test.TestAssemblyTypeSource.Test_GetTypes_WhenExtDll_ShouldNotReturnAbstractClasses" executed="True" result="Success" success="True" time="0.000" asserts="3" />
                          <test-case name="Habanero.Smooth.Test.TestAssemblyTypeSource.Test_GetTypes_WhenExtDll_ShouldNotReturnGenericClasses" executed="True" result="Success" success="True" time="0.000" asserts="3" />
                          <test-case name="Habanero.Smooth.Test.TestAssemblyTypeSource.Test_GetTypes_WhenExtDll_ShouldNotReturnInterface" executed="True" result="Success" success="True" time="0.001" asserts="1" />
                          <test-case name="Habanero.Smooth.Test.TestAssemblyTypeSource.Test_GetTypes_WhenExtDll_ShouldReturnAllTypesImplementingIBoInterface" executed="True" result="Success" success="True" time="0.001" asserts="5" />
                          <test-case name="Habanero.Smooth.Test.TestAssemblyTypeSource.Test_GetTypes_WhenExtDll_ShouldReturnNormalBo" executed="True" result="Success" success="True" time="0.000" asserts="1" />
                          <test-case name="Habanero.Smooth.Test.TestAssemblyTypeSource.Test_GetTypes_WhenExtDll_ShouldReturnObjectThatOnlyImplementsIBo" executed="True" result="Success" success="True" time="0.000" asserts="1" />
                          <test-case name="Habanero.Smooth.Test.TestAssemblyTypeSource.Test_GetTypes_WhenExtDll_WhenConstructWithType_ShouldReturnNormalBo" executed="True" result="Success" success="True" time="0.001" asserts="5" />
                          <test-case name="Habanero.Smooth.Test.TestAssemblyTypeSource.Test_GetTypes_WhenExtDll_WithNullWhereClause_ShouldRetAllClasses" executed="True" result="Success" success="True" time="0.001" asserts="4" />
                          <test-case name="Habanero.Smooth.Test.TestAssemblyTypeSource.Test_GetTypes_WhenExtDll_WithWhereClause_ShouldNotReturnExcludedClasses" executed="True" result="Success" success="True" time="0.001" asserts="4" />
                        </results>
                      </test-suite>
                      <test-suite type="TestFixture" name="TestAutoMapperExtensions" executed="True" result="Success" success="True" time="0.491" asserts="0">
                        <results>
                          <test-case name="Habanero.Smooth.Test.TestAutoMapperExtensions.Test_Get1_1RevRels_WhenAutoMapOneToOne_ShouldReturnOneItem" executed="True" result="Success" success="True" time="0.003" asserts="11" />
                          <test-case name="Habanero.Smooth.Test.TestAutoMapperExtensions.Test_Get1_1RevRels_WhenHasIgnore_ShouldReturnNoItems" executed="True" result="Success" success="True" time="0.001" asserts="9" />
                          <test-case name="Habanero.Smooth.Test.TestAutoMapperExtensions.Test_Get1_1RevRels_WhenHasMultipleReverse_NoAttributes_ShouldReturnBothPotentialReverseRels" executed="True" result="Success" success="True" time="0.000" asserts="8" />
                          <test-case name="Habanero.Smooth.Test.TestAutoMapperExtensions.Test_Get1_1RevRels_WhenHasOneSingleRev_ShouldReturnOneItem" executed="True" result="Success" success="True" time="0.001" asserts="9" />
                          <test-case name="Habanero.Smooth.Test.TestAutoMapperExtensions.Test_Get1_1RevRels_WhenIsMultiple_ShouldReturnNone" executed="True" result="Success" success="True" time="0.001" asserts="7" />
                          <test-case name="Habanero.Smooth.Test.TestAutoMapperExtensions.Test_Get1_1RevRels_WhenNotHas_ShouldNotHaveItems" executed="True" result="Success" success="True" time="0.001" asserts="2" />
                          <test-case name="Habanero.Smooth.Test.TestAutoMapperExtensions.Test_Get1_1RevRels_WhenRelHasManyToOneAttribute_ShouldNotHaveItems" executed="True" result="Success" success="True" time="0.000" asserts="2" />
                          <test-case name="Habanero.Smooth.Test.TestAutoMapperExtensions.Test_Get1_1RevRels_WhenReverseAutoMapOneToOne_ShouldReturnOneItem" executed="True" result="Success" success="True" time="0.000" asserts="10" />
                          <test-case name="Habanero.Smooth.Test.TestAutoMapperExtensions.Test_Get1_1RevRels_WhenReverseHasIgnore_ShouldReturnNoItems" executed="True" result="Success" success="True" time="0.001" asserts="7" />
                          <test-case name="Habanero.Smooth.Test.TestAutoMapperExtensions.Test_Get1_1RevRels_WhenReverseRelHasManyToOne_ShouldNotHaveItems" executed="True" result="Success" success="True" time="0.001" asserts="4" />
                          <test-case name="Habanero.Smooth.Test.TestAutoMapperExtensions.Test_GetM1RevRels_WhenHasTwo_ShouldReturnBoth" executed="True" result="Success" success="True" time="0.003" asserts="9" />
                          <test-case name="Habanero.Smooth.Test.TestAutoMapperExtensions.Test_GetM1RevRels_WhenHasTwo_ThisRelIgnored_ShouldReturnNone" executed="True" result="Success" success="True" time="0.000" asserts="8" />
                          <test-case name="Habanero.Smooth.Test.TestAutoMapperExtensions.Test_GetM1RevRels_WhenHasTwoButRelHasOneToManyMapping_ShouldReturnMappedRel" executed="True" result="Success" success="True" time="0.002" asserts="9" />
                          <test-case name="Habanero.Smooth.Test.TestAutoMapperExtensions.Test_GetM1RevRels_WhenMappedToNonExistentReverse_ShouldReturnNoItems" executed="True" result="Success" success="True" time="0.002" asserts="5" />
                          <test-case name="Habanero.Smooth.Test.TestAutoMapperExtensions.Test_GetM1RevRels_WhenNotHas_ShouldNotHaveItems" executed="True" result="Success" success="True" time="0.001" asserts="3" />
                          <test-case name="Habanero.Smooth.Test.TestAutoMapperExtensions.Test_GetM1RevRels_WhenOneRevIgnored_ShouldReturnOne" executed="True" result="Success" success="True" time="0.002" asserts="9" />
                          <test-case name="Habanero.Smooth.Test.TestAutoMapperExtensions.Test_GetM1RevRels_WhenRelIsSingle_ShouldReturnNone" executed="True" result="Success" success="True" time="0.000" asserts="8" />
                          <test-case name="Habanero.Smooth.Test.TestAutoMapperExtensions.Test_GetMappedReverseRelationshipName_WhenAutoMapPropNoReverseRel_ShouldReturnNull" executed="True" result="Success" success="True" time="0.411" asserts="5" />
                          <test-case name="Habanero.Smooth.Test.TestAutoMapperExtensions.Test_GetMappedReverseRelationshipName_WhenAutoMapPropWithReverseRel_ShouldReturnReverseRel" executed="True" result="Success" success="True" time="0.005" asserts="5" />
                          <test-case name="Habanero.Smooth.Test.TestAutoMapperExtensions.Test_GetMappedReverseRelationshipName_WhenNoAttribute_ShouldReturnNull" executed="True" result="Success" success="True" time="0.009" asserts="3" />
                          <test-case name="Habanero.Smooth.Test.TestAutoMapperExtensions.Test_GetSingleRels_WhenRevRelHasOneToOneAtt_ShouldReturnNoItems" executed="True" result="Success" success="True" time="0.002" asserts="5" />
                          <test-case name="Habanero.Smooth.Test.TestAutoMapperExtensions.Test_GetSingleRevRelationshipName_ShouldReturnRelDefWithRevRelNameSet" executed="True" result="Success" success="True" time="0.002" asserts="4" />
                          <test-case name="Habanero.Smooth.Test.TestAutoMapperExtensions.Test_GetSingleRevRelationshipName_WhenHasRevRel_ShouldBeFoundRevRelName" executed="True" result="Success" success="True" time="0.001" asserts="3" />
                          <test-case name="Habanero.Smooth.Test.TestAutoMapperExtensions.Test_GetSingleRevRelationshipName_WhenNoRevRel_WhenHasAttribute_WhenHasRevRelName__ShouldBeRevRelName" executed="True" result="Success" success="True" time="0.002" asserts="2" />
                          <test-case name="Habanero.Smooth.Test.TestAutoMapperExtensions.Test_GetSingleRevRelationshipName_WhenNoRevRel_WhenHasAttribute_WhenNoRevRelName__ShouldBeOwnerClassName" executed="True" result="Success" success="True" time="0.002" asserts="2" />
                          <test-case name="Habanero.Smooth.Test.TestAutoMapperExtensions.Test_GetSingleRevRels_WhenRevRelHasAutomapRel_ShouldReturnItemWithMappingRel" executed="True" result="Success" success="True" time="0.003" asserts="12" />
                          <test-case name="Habanero.Smooth.Test.TestAutoMapperExtensions.Test_HasSingleReverseRelationship_WhenHasAndOwnerMultiple_ShouldBeTrue" executed="True" result="Success" success="True" time="0.002" asserts="7" />
                          <test-case name="Habanero.Smooth.Test.TestAutoMapperExtensions.Test_HasSingleReverseRelationship_WhenHasAndOwnerSingle_ShouldBeTrue" executed="True" result="Success" success="True" time="0.001" asserts="5" />
                          <test-case name="Habanero.Smooth.Test.TestAutoMapperExtensions.Test_HasSingleReverseRelationship_WhenNotHas_ShouldBeFalse" executed="True" result="Success" success="True" time="0.001" asserts="9" />
                          <test-case name="Habanero.Smooth.Test.TestAutoMapperExtensions.Test_HasSingleReverseRelationship_WhenRevHasM_1Attr_ShouldBeFalse" executed="True" result="Success" success="True" time="0.001" asserts="2" />
                        </results>
                      </test-suite>
                      <test-suite type="TestFixture" name="TestAutoMappingAttributes" executed="True" result="Success" success="True" time="0.011" asserts="0">
                        <results>
                          <test-case name="Habanero.Smooth.Test.TestAutoMappingAttributes.Test_Default_Construct_WithValue_ShouldSetValue" executed="True" result="Success" success="True" time="0.000" asserts="1" />
                          <test-case name="Habanero.Smooth.Test.TestAutoMappingAttributes.Test_ReadWriteRule_Construct_WithValue_ShouldSetValue" executed="True" result="Success" success="True" time="0.002" asserts="1" />
                          <test-case name="Habanero.Smooth.Test.TestAutoMappingAttributes.Test_TableName_ConstructWithValue_ShouldSetValue" executed="True" result="Success" success="True" time="0.001" asserts="2" />
                          <test-case name="Habanero.Smooth.Test.TestAutoMappingAttributes.Test_UniqueConstraint_ConstructWithValue_ShouldSetValue" executed="True" result="Success" success="True" time="0.000" asserts="1" />
                        </results>
                      </test-suite>
                      <test-suite type="TestFixture" name="TestAutoMapRelationshipAttribute" executed="True" result="Success" success="True" time="0.012" asserts="0">
                        <results>
                          <test-case name="Habanero.Smooth.Test.TestAutoMapRelationshipAttribute.Test_ConstructRelationship_WithNoParams_ShouldSetRelationshipTypeAssociation" executed="True" result="Success" success="True" time="0.000" asserts="1" />
                          <test-case name="Habanero.Smooth.Test.TestAutoMapRelationshipAttribute.Test_ConstructRelationship_WithRelNameAndRelType_ShouldSetToRSpecified" executed="True" result="Success" success="True" time="0.001" asserts="1" />
                          <test-case name="Habanero.Smooth.Test.TestAutoMapRelationshipAttribute.Test_ConstructRelationship_WithRelType_ShouldSetToRSpecified" executed="True" result="Success" success="True" time="0.000" asserts="1" />
                          <test-case name="Habanero.Smooth.Test.TestAutoMapRelationshipAttribute.Test_ConstructRelationship_WithRevRelName_ShouldSetRelationshipTypeAssociation" executed="True" result="Success" success="True" time="0.001" asserts="1" />
                          <test-case name="Habanero.Smooth.Test.TestAutoMapRelationshipAttribute.Test_SetAttributeWithRelationshipType_ShouldHaveRelType" executed="True" result="Success" success="True" time="0.002" asserts="4" />
                        </results>
                      </test-suite>
                      <test-suite type="TestFixture" name="TestClassAutoMapper" executed="True" result="Success" success="True" time="0.497" asserts="0">
                        <results>
                          <test-case name="Habanero.Smooth.Test.TestClassAutoMapper.Test_IdentityNameConvention_ShouldBeDefaultIfNotSet" executed="True" result="Success" success="True" time="0.000" asserts="1" />
                          <test-case name="Habanero.Smooth.Test.TestClassAutoMapper.Test_Map_ShouldMapManyToOneRelationship" executed="True" result="Success" success="True" time="0.007" asserts="3" />
                          <test-case name="Habanero.Smooth.Test.TestClassAutoMapper.Test_Map_ShouldMapPrimaryKey" executed="True" result="Success" success="True" time="0.002" asserts="4" />
                          <test-case name="Habanero.Smooth.Test.TestClassAutoMapper.Test_Map_WhenClassAlreadyInClassDefCol_ShouldRetExistingClassDef" executed="True" result="Success" success="True" time="0.002" asserts="3" />
                          <test-case name="Habanero.Smooth.Test.TestClassAutoMapper.Test_Map_WhenHasFKProp_ShouldNotCreateFKProp" executed="True" result="Success" success="True" time="0.008" asserts="3" />
                          <test-case name="Habanero.Smooth.Test.TestClassAutoMapper.Test_Map_WhenHasIgnore_ShouldReturnNull" executed="True" result="Success" success="True" time="0.001" asserts="1" />
                          <test-case name="Habanero.Smooth.Test.TestClassAutoMapper.Test_Map_WhenHasMappedTableName_ShouldSetTableNameOnClassDef" executed="True" result="Success" success="True" time="0.001" asserts="1" />
                          <test-case name="Habanero.Smooth.Test.TestClassAutoMapper.Test_Map_WhenHasNoMappedTableName_ShouldSetClassName" executed="True" result="Success" success="True" time="0.001" asserts="1" />
                          <test-case name="Habanero.Smooth.Test.TestClassAutoMapper.Test_Map_WhenHasNoProps_ShouldMapNoProps" executed="True" result="Success" success="True" time="0.001" asserts="2" />
                          <test-suite type="ParameterizedTest" name="Test_Map_WhenHasProps_ShouldMapProps" executed="True" result="Success" success="True" time="0.146" asserts="0">
                            <results>
                              <test-case name="Habanero.Smooth.Test.TestClassAutoMapper.Test_Map_WhenHasProps_ShouldMapProps(&quot;PublicGetNullableGuidProp&quot;)" executed="True" result="Success" success="True" time="0.121" asserts="4" />
                              <test-case name="Habanero.Smooth.Test.TestClassAutoMapper.Test_Map_WhenHasProps_ShouldMapProps(&quot;PublicStringProp&quot;)" executed="True" result="Success" success="True" time="0.003" asserts="4" />
                              <test-case name="Habanero.Smooth.Test.TestClassAutoMapper.Test_Map_WhenHasProps_ShouldMapProps(&quot;PublicEnumProp&quot;)" executed="True" result="Success" success="True" time="0.003" asserts="4" />
                              <test-case name="Habanero.Smooth.Test.TestClassAutoMapper.Test_Map_WhenHasProps_ShouldMapProps(&quot;PublicGetGuidProp&quot;)" executed="True" result="Success" success="True" time="0.003" asserts="4" />
                              <test-case name="Habanero.Smooth.Test.TestClassAutoMapper.Test_Map_WhenHasProps_ShouldMapProps(&quot;PublicNullableEnumProp&quot;)" executed="True" result="Success" success="True" time="0.003" asserts="4" />
                              <test-case name="Habanero.Smooth.Test.TestClassAutoMapper.Test_Map_WhenHasProps_ShouldMapProps(&quot;PublicPropWithAtt&quot;)" executed="True" result="Success" success="True" time="0.003" asserts="4" />
                            </results>
                          </test-suite>
                          <test-case name="Habanero.Smooth.Test.TestClassAutoMapper.Test_Map_WhenHasTwoUniqueConstraint_OnePropEach" executed="True" result="Success" success="True" time="0.011" asserts="7" />
                          <test-case name="Habanero.Smooth.Test.TestClassAutoMapper.Test_Map_WhenHasTwoUniqueConstraint_TwoPropEach" executed="True" result="Success" success="True" time="0.005" asserts="9" />
                          <test-case name="Habanero.Smooth.Test.TestClassAutoMapper.Test_Map_WhenHasUniqueConstraint_OneProp" executed="True" result="Success" success="True" time="0.002" asserts="4" />
                          <test-case name="Habanero.Smooth.Test.TestClassAutoMapper.Test_Map_WhenInheritance_AndBaseClassAlreadyInClassDefCol_ShouldUseExistingClassDef" executed="True" result="Success" success="True" time="0.002" asserts="6" />
                          <test-case name="Habanero.Smooth.Test.TestClassAutoMapper.Test_Map_WhenInheritance_ShouldMapInheritenceRelationship" executed="True" result="Success" success="True" time="0.001" asserts="6" />
                          <test-case name="Habanero.Smooth.Test.TestClassAutoMapper.Test_MapAccept_WhenHasRelationship_ShouldMapRelationshipDefToClassDef" executed="True" result="Success" success="True" time="0.017" asserts="4" />
                          <test-case name="Habanero.Smooth.Test.TestClassAutoMapper.Test_MapClass_ShouldAssignPropDefToClassDef" executed="True" result="Success" success="True" time="0.004" asserts="5" />
                          <test-case name="Habanero.Smooth.Test.TestClassAutoMapper.Test_MapClass_WhenIsAbstract_ReturnNullClassDef" executed="True" result="Success" success="True" time="0.000" asserts="1" />
                          <test-case name="Habanero.Smooth.Test.TestClassAutoMapper.Test_MapClass_WhenIsIBo_ShouldMapClassName" executed="True" result="Success" success="True" time="0.001" asserts="3" />
                          <test-case name="Habanero.Smooth.Test.TestClassAutoMapper.Test_MapClass_WhenIsInterface_ReturnNullClassDef" executed="True" result="Success" success="True" time="0.001" asserts="1" />
                          <test-case name="Habanero.Smooth.Test.TestClassAutoMapper.Test_MapClass_WhenNotIsIBo_ReturnNullClassDef" executed="True" result="Success" success="True" time="0.001" asserts="1" />
                          <test-case name="Habanero.Smooth.Test.TestClassAutoMapper.Test_MustBeMapped_WhenHasIgnore_ShouldReturnFalse" executed="True" result="Success" success="True" time="0.001" asserts="1" />
                          <test-case name="Habanero.Smooth.Test.TestClassAutoMapper.Test_MustBeMapped_WhenIsAbstract_ReturnFalse" executed="True" result="Success" success="True" time="0.000" asserts="1" />
                          <test-case name="Habanero.Smooth.Test.TestClassAutoMapper.Test_MustBeMapped_WhenIsIBo_ShouldRetTrue" executed="True" result="Success" success="True" time="0.000" asserts="1" />
                          <test-case name="Habanero.Smooth.Test.TestClassAutoMapper.Test_MustBeMapped_WhenIsInterface_ReturnFalse" executed="True" result="Success" success="True" time="0.000" asserts="1" />
                          <test-case name="Habanero.Smooth.Test.TestClassAutoMapper.Test_MustBeMapped_WhenNotIsIBo_ReturnFalse" executed="True" result="Success" success="True" time="0.001" asserts="1" />
                          <test-case name="Habanero.Smooth.Test.TestClassAutoMapper.Test_MustBeMapped_WhenNull_ReturnFalse" executed="True" result="Success" success="True" time="0.001" asserts="1" />
                          <test-case name="Habanero.Smooth.Test.TestClassAutoMapper.Test_SetIdentityNameConvention_ShouldSetCustomConvention" executed="True" result="Success" success="True" time="0.002" asserts="1" />
                          <test-case name="Habanero.Smooth.Test.TestClassAutoMapper.TestAccept_Map_NoFKPropDef_ShouldCreateFKProp" executed="True" result="Success" success="True" time="0.009" asserts="8" />
                          <test-suite type="ParameterizedTest" name="TestAccept_Map_ShouldMapOneToMany" executed="True" result="Success" success="True" time="0.013" asserts="0">
                            <results>
                              <test-case name="Habanero.Smooth.Test.TestClassAutoMapper.TestAccept_Map_ShouldMapOneToMany(&quot;MyMultRell2&quot;,2)" executed="True" result="Success" success="True" time="0.007" asserts="5" />
                              <test-case name="Habanero.Smooth.Test.TestClassAutoMapper.TestAccept_Map_ShouldMapOneToMany(&quot;MyMultRel&quot;,2)" executed="True" result="Success" success="True" time="0.004" asserts="5" />
                            </results>
                          </test-suite>
                          <test-case name="Habanero.Smooth.Test.TestClassAutoMapper.TestAccept_Map_UsingType_NoFKPropDef_ShouldCreateFKProp" executed="True" result="Success" success="True" time="0.006" asserts="8" />
                          <test-suite type="ParameterizedTest" name="TestAccept_Map_WhenHasAllTypesOfRel_ShouldMapAll" executed="True" result="Success" success="True" time="0.143" asserts="0">
                            <results>
                              <test-case name="Habanero.Smooth.Test.TestClassAutoMapper.TestAccept_Map_WhenHasAllTypesOfRel_ShouldMapAll(&quot;MyMultRell2&quot;,Habanero.BO.ClassDefinition.MultipleRelationshipDef,6)" executed="True" result="Success" success="True" time="0.026" asserts="4" />
                              <test-case name="Habanero.Smooth.Test.TestClassAutoMapper.TestAccept_Map_WhenHasAllTypesOfRel_ShouldMapAll(&quot;MySingleRelationship3&quot;,Habanero.BO.ClassDefinition.SingleRelationshipDef,6)" executed="True" result="Success" success="True" time="0.024" asserts="4" />
                              <test-case name="Habanero.Smooth.Test.TestClassAutoMapper.TestAccept_Map_WhenHasAllTypesOfRel_ShouldMapAll(&quot;MyMultRel&quot;,Habanero.BO.ClassDefinition.MultipleRelationshipDef,6)" executed="True" result="Success" success="True" time="0.024" asserts="4" />
                              <test-case name="Habanero.Smooth.Test.TestClassAutoMapper.TestAccept_Map_WhenHasAllTypesOfRel_ShouldMapAll(&quot;MySingleRel1&quot;,Habanero.BO.ClassDefinition.SingleRelationshipDef,6)" executed="True" result="Success" success="True" time="0.022" asserts="4" />
                              <test-case name="Habanero.Smooth.Test.TestClassAutoMapper.TestAccept_Map_WhenHasAllTypesOfRel_ShouldMapAll(&quot;MySingleRelationship1&quot;,Habanero.BO.ClassDefinition.SingleRelationshipDef,6)" executed="True" result="Success" success="True" time="0.023" asserts="4" />
                              <test-case name="Habanero.Smooth.Test.TestClassAutoMapper.TestAccept_Map_WhenHasAllTypesOfRel_ShouldMapAll(&quot;MySingleRelationship2&quot;,Habanero.BO.ClassDefinition.SingleRelationshipDef,6)" executed="True" result="Success" success="True" time="0.021" asserts="4" />
                            </results>
                          </test-suite>
                          <test-case name="Habanero.Smooth.Test.TestClassAutoMapper.TestAccept_Map_WhenHasUniqueConstraint" executed="True" result="Success" success="True" time="0.002" asserts="5" />
                          <test-suite type="ParameterizedTest" name="TestAccept_Map_WhenOne1_1AndOneM_1Relationships_ShouldMapBothRelationships" executed="True" result="Success" success="True" time="0.011" asserts="0">
                            <results>
                              <test-case name="Habanero.Smooth.Test.TestClassAutoMapper.TestAccept_Map_WhenOne1_1AndOneM_1Relationships_ShouldMapBothRelationships(&quot;MySingleRel2&quot;,2)" executed="True" result="Success" success="True" time="0.006" asserts="5" />
                              <test-case name="Habanero.Smooth.Test.TestClassAutoMapper.TestAccept_Map_WhenOne1_1AndOneM_1Relationships_ShouldMapBothRelationships(&quot;MySingleRel1&quot;,2)" executed="True" result="Success" success="True" time="0.005" asserts="5" />
                            </results>
                          </test-suite>
                          <test-suite type="ParameterizedTest" name="TestAccept_Map_WhenTwo1_1Relationships_ShouldMapBothRelationships" executed="True" result="Success" success="True" time="0.019" asserts="0">
                            <results>
                              <test-case name="Habanero.Smooth.Test.TestClassAutoMapper.TestAccept_Map_WhenTwo1_1Relationships_ShouldMapBothRelationships(&quot;MyOneToOne&quot;,2)" executed="True" result="Success" success="True" time="0.010" asserts="5" />
                              <test-case name="Habanero.Smooth.Test.TestClassAutoMapper.TestAccept_Map_WhenTwo1_1Relationships_ShouldMapBothRelationships(&quot;MyOneToOne2&quot;,2)" executed="True" result="Success" success="True" time="0.009" asserts="5" />
                            </results>
                          </test-suite>
                          <test-suite type="ParameterizedTest" name="TestAccept_Map_WhenTwoM_1Relationships_ShouldMapBothRelationships" executed="True" result="Success" success="True" time="0.019" asserts="0">
                            <results>
                              <test-case name="Habanero.Smooth.Test.TestClassAutoMapper.TestAccept_Map_WhenTwoM_1Relationships_ShouldMapBothRelationships(&quot;MySingleRelationship&quot;,2)" executed="True" result="Success" success="True" time="0.010" asserts="5" />
                              <test-case name="Habanero.Smooth.Test.TestClassAutoMapper.TestAccept_Map_WhenTwoM_1Relationships_ShouldMapBothRelationships(&quot;MySecondSingleRelationship&quot;,2)" executed="True" result="Success" success="True" time="0.009" asserts="5" />
                            </results>
                          </test-suite>
                        </results>
                      </test-suite>
                      <test-suite type="TestFixture" name="TestClassDefLoader" executed="True" result="Success" success="True" time="0.006" asserts="0">
                        <results>
                          <test-case name="Habanero.Smooth.Test.TestClassDefLoader.Test_Construct_WhenSourceNull_ShouldRaiseError" executed="True" result="Success" success="True" time="0.001" asserts="2" />
                          <test-case name="Habanero.Smooth.Test.TestClassDefLoader.TestAccept_LoadClassDefs_ShouldLoadAllClassDefs" executed="True" result="Success" success="True" time="0.004" asserts="4" />
                        </results>
                      </test-suite>
                      <test-suite type="TestFixture" name="TestCustomTypeSource" executed="True" result="Success" success="True" time="0.036" asserts="0">
                        <results>
                          <test-case name="Habanero.Smooth.Test.TestCustomTypeSource.Test_Add_ShouldReturnAllTypesAdded" executed="True" result="Success" success="True" time="0.004" asserts="3" />
                          <test-case name="Habanero.Smooth.Test.TestCustomTypeSource.Test_AddGeneric_ShouldReturnAllTypesAdded" executed="True" result="Success" success="True" time="0.002" asserts="2" />
                          <test-case name="Habanero.Smooth.Test.TestCustomTypeSource.Test_AddList_ShouldReturnAllTypesAdded" executed="True" result="Success" success="True" time="0.004" asserts="3" />
                          <test-case name="Habanero.Smooth.Test.TestCustomTypeSource.Test_ConstructWithList_ShouldReturnAllTypesAdded" executed="True" result="Success" success="True" time="0.004" asserts="3" />
                        </results>
                      </test-suite>
                      <test-suite type="TestFixture" name="TestIdentityAutoMapper" executed="True" result="Success" success="True" time="0.040" asserts="0">
                        <results>
                          <test-case name="Habanero.Smooth.Test.TestIdentityAutoMapper.Test_Construct_WithNullclassDef_ShouldRaiseError" executed="True" result="Success" success="True" time="0.001" asserts="2" />
                          <test-case name="Habanero.Smooth.Test.TestIdentityAutoMapper.Test_IdentityNameConvention_ShouldBeDefaultIfNotSet" executed="True" result="Success" success="True" time="0.000" asserts="1" />
                          <test-case name="Habanero.Smooth.Test.TestIdentityAutoMapper.Test_Map_WhenHasPKProp_ShouldMapPK" executed="True" result="Success" success="True" time="0.013" asserts="8" />
                          <test-case name="Habanero.Smooth.Test.TestIdentityAutoMapper.Test_Map_WhenHasPropDefined_ShouldHaveSamePropDefAsClassDef" executed="True" result="Success" success="True" time="0.002" asserts="11" />
                          <test-case name="Habanero.Smooth.Test.TestIdentityAutoMapper.Test_Map_WhenNotHasPKProp_ShouldCreatePrimaryKeyProp" executed="True" result="Success" success="True" time="0.002" asserts="14" />
                          <test-case name="Habanero.Smooth.Test.TestIdentityAutoMapper.Test_Map_WhenNullCDef_ShouldReturnNull" executed="True" result="Success" success="True" time="0.001" asserts="1" />
                          <test-case name="Habanero.Smooth.Test.TestIdentityAutoMapper.Test_Map_WhenStdNamePropAndAttributeProp_ShouldUseAttributeDefinedProp" executed="True" result="Success" success="True" time="0.002" asserts="10" />
                          <test-case name="Habanero.Smooth.Test.TestIdentityAutoMapper.Test_Map_WhenStdNamingPropNonExist_WhenUsePrimaryKeyAttribute_ShouldMapAttributeProp" executed="True" result="Success" success="True" time="0.002" asserts="11" />
                          <test-case name="Habanero.Smooth.Test.TestIdentityAutoMapper.Test_Map_WhenTwoPropsWithPrimaryKeyAttribute_ShouldRaiseError" executed="True" result="Success" success="True" time="0.002" asserts="5" />
                          <test-case name="Habanero.Smooth.Test.TestIdentityAutoMapper.Test_SetIdentityNameConvention_ShouldSetCustomConvention" executed="True" result="Success" success="True" time="0.001" asserts="1" />
                        </results>
                      </test-suite>
                      <test-suite type="TestFixture" name="TestIdentityPropNameConvetion" executed="True" result="Success" success="True" time="0.005" asserts="0">
                        <results>
                          <test-case name="Habanero.Smooth.Test.TestIdentityPropNameConvetion.Test_DefaultNamingConvention_GetPropertyName" executed="True" result="Success" success="True" time="0.000" asserts="1" />
                          <test-case name="Habanero.Smooth.Test.TestIdentityPropNameConvetion.Test_DefaultNamingConvention_GetPropertyNameGeneric" executed="True" result="Success" success="True" time="0.000" asserts="1" />
                        </results>
                      </test-suite>
                      <test-suite type="TestFixture" name="TestInheritanceAutoMapper" executed="True" result="Success" success="True" time="0.024" asserts="0">
                        <results>
                          <test-case name="Habanero.Smooth.Test.TestInheritanceAutoMapper.Test_Map_ShouldSetInheritanceDef_ClassName" executed="True" result="Success" success="True" time="0.002" asserts="6" />
                          <test-case name="Habanero.Smooth.Test.TestInheritanceAutoMapper.Test_Map_When2LayersOfInheritance_AndHasDiscriminatorProp_ShouldNotCreateDiscriminator" executed="True" result="Success" success="True" time="0.003" asserts="6" />
                          <test-case name="Habanero.Smooth.Test.TestInheritanceAutoMapper.Test_Map_When2LayersOfInheritance_ShouldCreateDiscriminatorOnSuperSuperTypeOnly" executed="True" result="Success" success="True" time="0.002" asserts="7" />
                          <test-case name="Habanero.Smooth.Test.TestInheritanceAutoMapper.Test_Map_When2LayersOfInheritance_ShouldMapInheritenceRelationship" executed="True" result="Success" success="True" time="0.002" asserts="7" />
                          <test-case name="Habanero.Smooth.Test.TestInheritanceAutoMapper.Test_Map_WhenInheritance_ShouldCreateDiscriminatorPropIfNonExists" executed="True" result="Success" success="True" time="0.004" asserts="4" />
                          <test-case name="Habanero.Smooth.Test.TestInheritanceAutoMapper.Test_Map_WhenInheritance_ShouldMapInheritenceRelationship" executed="True" result="Success" success="True" time="0.001" asserts="6" />
                          <test-case name="Habanero.Smooth.Test.TestInheritanceAutoMapper.Test_Map_WhenNoInheritance_ShouldRetNull" executed="True" result="Success" success="True" time="0.001" asserts="1" />
                          <test-case name="Habanero.Smooth.Test.TestInheritanceAutoMapper.Test_Map_WhenNotBO_ShouldRetNull" executed="True" result="Success" success="True" time="0.001" asserts="3" />
                        </results>
                      </test-suite>
                      <test-suite type="TestFixture" name="TestManyToOneAutoMapper" executed="True" result="Success" success="True" time="0.194" asserts="0">
                        <results>
                          <test-case name="Habanero.Smooth.Test.TestManyToOneAutoMapper.Test_Construct_WhenNullPropWrapper_ShouldRaiseError" executed="True" result="Success" success="True" time="0.001" asserts="2" />
                          <test-case name="Habanero.Smooth.Test.TestManyToOneAutoMapper.Test_ConstructShouldRaiseError" executed="True" result="Success" success="True" time="0.001" asserts="2" />
                          <test-case name="Habanero.Smooth.Test.TestManyToOneAutoMapper.Test_DefaultNameConventionIfNoneSet" executed="True" result="Success" success="True" time="0.001" asserts="1" />
                          <test-case name="Habanero.Smooth.Test.TestManyToOneAutoMapper.Test_GetRelatatedPropName_WhenNoProp_ShouldReturnStdNamingProp" executed="True" result="Success" success="True" time="0.000" asserts="1" />
                          <test-case name="Habanero.Smooth.Test.TestManyToOneAutoMapper.Test_GetRelatatedPropName_WhenStdNamingPropAndRelDeclaredProp_ShouldReturnDeclaredPropName" executed="True" result="Success" success="True" time="0.000" asserts="1" />
                          <test-case name="Habanero.Smooth.Test.TestManyToOneAutoMapper.Test_GetRelatedPropName_WhenRelatedClassHasAttributeDeclaredIdProp_ShouldUseDeclaredIDPropName" executed="True" result="Success" success="True" time="0.000" asserts="1" />
                          <test-case name="Habanero.Smooth.Test.TestManyToOneAutoMapper.Test_HasMultipleReverseRelationship_WhenNotHasShouldReturnFalse" executed="True" result="Success" success="True" time="0.001" asserts="2" />
                          <test-case name="Habanero.Smooth.Test.TestManyToOneAutoMapper.Test_HasMultipleReverseRelationshipWhenHasShouldReturnTrue" executed="True" result="Success" success="True" time="0.000" asserts="2" />
                          <test-case name="Habanero.Smooth.Test.TestManyToOneAutoMapper.Test_Map_PropWithIgnoreAttribute_ShouldReturnNull" executed="True" result="Success" success="True" time="0.001" asserts="8" />
                          <test-case name="Habanero.Smooth.Test.TestManyToOneAutoMapper.Test_Map_ShouldSetDeleteActionDoNothing_OwningBOHasFKTrue" executed="True" result="Success" success="True" time="0.002" asserts="4" />
                          <test-case name="Habanero.Smooth.Test.TestManyToOneAutoMapper.Test_Map_When_WhenHasCompulsoryAttribute_ShouldSetIsCompulsoryToTrue" executed="True" result="Success" success="True" time="0.008" asserts="4" />
                          <test-case name="Habanero.Smooth.Test.TestManyToOneAutoMapper.Test_Map_When_WhenNotHasCompulsoryAttribute_ShouldSetIsCompulsoryToFalse" executed="True" result="Success" success="True" time="0.008" asserts="3" />
                          <test-case name="Habanero.Smooth.Test.TestManyToOneAutoMapper.Test_Map_WhenHasAttributeDeclareRevRelName_ShouldReturnRel_WithDeclaredRevRelName" executed="True" result="Success" success="True" time="0.002" asserts="6" />
                          <test-case name="Habanero.Smooth.Test.TestManyToOneAutoMapper.Test_Map_WhenHasMultipleReverseRel_ShouldReturnRel_WithReverseRelNameSet" executed="True" result="Success" success="True" time="0.001" asserts="8" />
                          <test-case name="Habanero.Smooth.Test.TestManyToOneAutoMapper.Test_Map_WhenHasOneToOneAttribute_ShouldReturnNull" executed="True" result="Success" success="True" time="0.001" asserts="3" />
                          <test-case name="Habanero.Smooth.Test.TestManyToOneAutoMapper.Test_Map_WhenHasSingleReverseRel_ShouldReturnNull" executed="True" result="Success" success="True" time="0.002" asserts="7" />
                          <test-case name="Habanero.Smooth.Test.TestManyToOneAutoMapper.Test_Map_WhenInheritedProp_ShouldReturnNull" executed="True" result="Success" success="True" time="0.001" asserts="5" />
                          <test-case name="Habanero.Smooth.Test.TestManyToOneAutoMapper.Test_Map_WhenIsSingleRel_ShouldCreateRelProp" executed="True" result="Success" success="True" time="0.003" asserts="7" />
                          <test-case name="Habanero.Smooth.Test.TestManyToOneAutoMapper.Test_Map_WhenIsSingleRel_ShouldReturnRelDef" executed="True" result="Success" success="True" time="0.003" asserts="8" />
                          <test-case name="Habanero.Smooth.Test.TestManyToOneAutoMapper.Test_Map_WhenIsSingleRel_ShouldSetDeleteParentActionToDoNothing" executed="True" result="Success" success="True" time="0.002" asserts="4" />
                          <test-case name="Habanero.Smooth.Test.TestManyToOneAutoMapper.Test_Map_WhenIsSingleRel_WithCompulsoryAttribute_ShouldCreateRelProp_WithCompulsoryProp" executed="True" result="Success" success="True" time="0.007" asserts="7" />
                          <test-case name="Habanero.Smooth.Test.TestManyToOneAutoMapper.Test_Map_WhenNonDefaultNameConventionSet_ShouldCreateRelProp" executed="True" result="Success" success="True" time="0.003" asserts="7" />
                          <test-case name="Habanero.Smooth.Test.TestManyToOneAutoMapper.Test_Map_WhenNoReverseRelationship_NoAttributes_ShouldReturnRel_WithConventionMultipleReverseRel" executed="True" result="Success" success="True" time="0.004" asserts="7" />
                          <test-case name="Habanero.Smooth.Test.TestManyToOneAutoMapper.Test_Map_WhenNotRelToIBoCol_ShouldReturnNull" executed="True" result="Success" success="True" time="0.001" asserts="3" />
                          <test-case name="Habanero.Smooth.Test.TestManyToOneAutoMapper.Test_Map_WhenNotSingleRel_ShouldReturnNull" executed="True" result="Success" success="True" time="0.000" asserts="3" />
                          <test-case name="Habanero.Smooth.Test.TestManyToOneAutoMapper.Test_Map_WhenNullPropInfo_ShouldReturnNull" executed="True" result="Success" success="True" time="0.000" asserts="1" />
                          <test-case name="Habanero.Smooth.Test.TestManyToOneAutoMapper.Test_Map_WhenNullPropWrapper_ShouldReturnNull" executed="True" result="Success" success="True" time="0.001" asserts="1" />
                          <test-case name="Habanero.Smooth.Test.TestManyToOneAutoMapper.Test_Map_WhenOverridenProp_ShouldReturnNull" executed="True" result="Success" success="True" time="0.001" asserts="5" />
                          <test-case name="Habanero.Smooth.Test.TestManyToOneAutoMapper.Test_MustBeMapped_WhenPropIsInherited_ShouldRetFalse" executed="True" result="Success" success="True" time="0.096" asserts="8" />
                          <test-case name="Habanero.Smooth.Test.TestManyToOneAutoMapper.Test_SetPropNamingConvention_ShouldSetConvention" executed="True" result="Success" success="True" time="0.000" asserts="1" />
                          <test-case name="Habanero.Smooth.Test.TestManyToOneAutoMapper.TestAccept_Map_WhenHasSingleReverseRelAndMultipleReverseRel_HasOneToOneAttribute_ShouldReturnNull" executed="True" result="Success" success="True" time="0.002" asserts="8" />
                          <test-case name="Habanero.Smooth.Test.TestManyToOneAutoMapper.TestAccept_Map_WhenHasSingleReverseRelAndMultipleReverseRel_ShouldRaiseError" executed="True" result="Success" success="True" time="0.002" asserts="7" />
                          <test-case name="Habanero.Smooth.Test.TestManyToOneAutoMapper.TestAccept_Map_WhenHasSingleReverseRelAndMultipleReverseRel_WhenHasOneToManyAttribute_ShouldReturnRel" executed="True" result="Success" success="True" time="0.001" asserts="9" />
                          <test-case name="Habanero.Smooth.Test.TestManyToOneAutoMapper.TestAccept_Map_WhenIsPrivateProperty_ShouldReturnNull" executed="True" result="Success" success="True" time="0.001" asserts="3" />
                          <test-case name="Habanero.Smooth.Test.TestManyToOneAutoMapper.TestAccept_Map_WhenIsStaticProperty_ShouldReturnNull" executed="True" result="Success" success="True" time="0.000" asserts="3" />
                        </results>
                      </test-suite>
                      <test-suite type="TestFixture" name="TestMutiTypeSource" executed="True" result="Success" success="True" time="0.007" asserts="0">
                        <results>
                          <test-case name="Habanero.Smooth.Test.TestMutiTypeSource.Test_GetTypes_ShouldReturnAllTypesImplementingIBoInterface" executed="True" result="Success" success="True" time="0.004" asserts="11" />
                          <test-case name="Habanero.Smooth.Test.TestMutiTypeSource.Test_GetTypes_WhenAddToTypeSource_ShouldReturnAllTypesImplementingIBoInterface" executed="True" result="Success" success="True" time="0.001" asserts="8" />
                        </results>
                      </test-suite>
                      <test-suite type="TestFixture" name="TestOneToManyAutoMapper" executed="True" result="Success" success="True" time="0.222" asserts="0">
                        <results>
                          <test-case name="Habanero.Smooth.Test.TestOneToManyAutoMapper.Test_Construct_WithNullPropInfo_ShouldRaiseError" executed="True" result="Success" success="True" time="0.000" asserts="2" />
                          <test-case name="Habanero.Smooth.Test.TestOneToManyAutoMapper.Test_CreateRelPropDef__WhenNonDefaultNameConventionSet_WhenNoReverseRel_ShouldCreateRelPropWithConventionName" executed="True" result="Success" success="True" time="0.001" asserts="5" />
                          <test-case name="Habanero.Smooth.Test.TestOneToManyAutoMapper.Test_CreateRelPropDef_WhenAutoMapPrimaryKey_WhenNoReverse_ShouldCreateRelProp_WithPrimaryKeyName" executed="True" result="Success" success="True" time="0.001" asserts="5" />
                          <test-case name="Habanero.Smooth.Test.TestOneToManyAutoMapper.Test_CreateRelPropDef_WhenHasReverse_ShouldCreateRelProp_WithNonStdNaming_WithNonStdReverseRelName" executed="True" result="Success" success="True" time="0.002" asserts="5" />
                          <test-case name="Habanero.Smooth.Test.TestOneToManyAutoMapper.Test_CreateRelPropDef_WhenHasReverse_ShouldCreateRelProp_WithReverseRelNameID" executed="True" result="Success" success="True" time="0.001" asserts="5" />
                          <test-case name="Habanero.Smooth.Test.TestOneToManyAutoMapper.Test_CreateRelPropDef_WhenNoReverseRel_WithDefaultIDConventionName" executed="True" result="Success" success="True" time="0.001" asserts="5" />
                          <test-case name="Habanero.Smooth.Test.TestOneToManyAutoMapper.Test_DefaultNameConventionIfNoneSet" executed="True" result="Success" success="True" time="0.000" asserts="1" />
                          <test-case name="Habanero.Smooth.Test.TestOneToManyAutoMapper.Test_GetOwningPropName_ShouldReturnClassTypeID" executed="True" result="Success" success="True" time="0.000" asserts="1" />
                          <test-case name="Habanero.Smooth.Test.TestOneToManyAutoMapper.Test_GetOwningPropName_WhenAutoMapPK_ShouldReturnClassTypeID" executed="True" result="Success" success="True" time="0.001" asserts="1" />
                          <test-case name="Habanero.Smooth.Test.TestOneToManyAutoMapper.Test_GetRelatatedPropName_WhenNoRevNonDefaultNaming_ShouldReturnNamingProp" executed="True" result="Success" success="True" time="0.001" asserts="2" />
                          <test-case name="Habanero.Smooth.Test.TestOneToManyAutoMapper.Test_GetRelatatedPropName_WhenStdNamingPropAndRelDeclaredProp_ShouldReturnDeclaredPropName" executed="True" result="Success" success="True" time="0.001" asserts="4" />
                          <test-case name="Habanero.Smooth.Test.TestOneToManyAutoMapper.Test_GetRelatedPropName_WhenRelatedClassHasAttributeDeclaredIdProp_ShouldUseDeclaredIDPropName" executed="True" result="Success" success="True" time="0.001" asserts="2" />
                          <test-case name="Habanero.Smooth.Test.TestOneToManyAutoMapper.Test_Map_PropWithIgnoreAttribute_ShouldReturnNull" executed="True" result="Success" success="True" time="0.000" asserts="3" />
                          <test-case name="Habanero.Smooth.Test.TestOneToManyAutoMapper.Test_Map_ShouldSetDeleteActionPrevent_OwningBOHasFKFalse" executed="True" result="Success" success="True" time="0.001" asserts="4" />
                          <test-case name="Habanero.Smooth.Test.TestOneToManyAutoMapper.Test_Map_WhenHasSingleReverseRel_ShouldReturnRelDefWithRevRelNameSet" executed="True" result="Success" success="True" time="0.001" asserts="6" />
                          <test-case name="Habanero.Smooth.Test.TestOneToManyAutoMapper.Test_Map_WhenIs_IBoCol_ShouldReturnRelDefWitConventionForRevName" executed="True" result="Success" success="True" time="0.017" asserts="9" />
                          <test-case name="Habanero.Smooth.Test.TestOneToManyAutoMapper.Test_Map_WhenIsMultiple_ShouldCreateRelProp_WhenNoReverseRel_WithDefaultConventionName" executed="True" result="Success" success="True" time="0.001" asserts="8" />
                          <test-case name="Habanero.Smooth.Test.TestOneToManyAutoMapper.Test_Map_WhenIsMultipleRel_BoCol_NotReverse_ShouldReturnRelDefWithConventionRevName" executed="True" result="Success" success="True" time="0.002" asserts="10" />
                          <test-case name="Habanero.Smooth.Test.TestOneToManyAutoMapper.Test_Map_WhenMappedToRelViaAttributes_WhouldSetReverseRelName" executed="True" result="Success" success="True" time="0.002" asserts="6" />
                          <test-case name="Habanero.Smooth.Test.TestOneToManyAutoMapper.Test_Map_WhenMappedViaAttributesWithNoRevRel_WhouldSetReverseRelNameToMappedName" executed="True" result="Success" success="True" time="0.002" asserts="5" />
                          <test-case name="Habanero.Smooth.Test.TestOneToManyAutoMapper.Test_Map_WhenNonDefaultNameConventionSet_WhenNoReverseRel_ShouldCreateRelPropWithConventionName" executed="True" result="Success" success="True" time="0.002" asserts="8" />
                          <test-case name="Habanero.Smooth.Test.TestOneToManyAutoMapper.Test_Map_WhenNoRelationshipTypeDefined_ShouldSetToAssociation" executed="True" result="Success" success="True" time="0.001" asserts="4" />
                          <test-case name="Habanero.Smooth.Test.TestOneToManyAutoMapper.Test_Map_WhenNotRelToIBoCol_ShouldReturnNull" executed="True" result="Success" success="True" time="0.000" asserts="3" />
                          <test-case name="Habanero.Smooth.Test.TestOneToManyAutoMapper.Test_Map_WhenNullPropInfo_ShouldReturnNull" executed="True" result="Success" success="True" time="0.000" asserts="1" />
                          <test-case name="Habanero.Smooth.Test.TestOneToManyAutoMapper.Test_Map_WhenRelationshipTypeDefined_ShouldSetToComposition" executed="True" result="Success" success="True" time="0.002" asserts="4" />
                          <test-case name="Habanero.Smooth.Test.TestOneToManyAutoMapper.Test_MapWithPropWrapper_PropWithIgnoreAttribute_ShouldReturnNull" executed="True" result="Success" success="True" time="0.000" asserts="3" />
                          <test-case name="Habanero.Smooth.Test.TestOneToManyAutoMapper.Test_MustBeMapped_WhenPropIsInherited_ShouldRetFalse" executed="True" result="Success" success="True" time="0.146" asserts="7" />
                          <test-case name="Habanero.Smooth.Test.TestOneToManyAutoMapper.Test_SetPropNamingConvention_ShouldSetConvention" executed="True" result="Success" success="True" time="0.000" asserts="1" />
                          <test-case name="Habanero.Smooth.Test.TestOneToManyAutoMapper.TestAccept_Map_WhenHasTwoSingleReverseRel_WithNoAttributes_ShouldRaiseError" executed="True" result="Success" success="True" time="0.002" asserts="8" />
                          <test-case name="Habanero.Smooth.Test.TestOneToManyAutoMapper.TestAccept_Map_WhenIsPrivateProperty_ShouldReturnNull" executed="True" result="Success" success="True" time="0.000" asserts="3" />
                          <test-case name="Habanero.Smooth.Test.TestOneToManyAutoMapper.TestAccept_Map_WhenIsStaticProperty_ShouldReturnNull" executed="True" result="Success" success="True" time="0.001" asserts="3" />
                        </results>
                      </test-suite>
                      <test-suite type="TestFixture" name="TestOneToOneAutoMapper" executed="True" result="Success" success="True" time="0.352" asserts="0">
                        <results>
                          <test-case name="Habanero.Smooth.Test.TestOneToOneAutoMapper.Test_Accept_OwningBOHasFK_WhenAssociation_AndIOwnerHasFKPropDefined_WhenOnwnerLTRelated_ShouldReturnTrue_FixBug910" executed="True" result="Success" success="True" time="0.002" asserts="5" />
                          <test-case name="Habanero.Smooth.Test.TestOneToOneAutoMapper.Test_CreateRelPropDef_WithDefaultIDConventionName_ShouldCreateWithCorrectOwningAndRelatedPropNames" executed="True" result="Success" success="True" time="0.080" asserts="7" />
                          <test-case name="Habanero.Smooth.Test.TestOneToOneAutoMapper.Test_CreateRelPropDef_WithNonDefaultIDConventionName_ShouldCreateWithCorrectOwningAndRelatedPropNames" executed="True" result="Success" success="True" time="0.009" asserts="7" />
                          <test-case name="Habanero.Smooth.Test.TestOneToOneAutoMapper.Test_DefaultNameConventionIfNoneSet" executed="True" result="Success" success="True" time="0.000" asserts="1" />
                          <test-case name="Habanero.Smooth.Test.TestOneToOneAutoMapper.Test_GetOwningPropName_NeitherHaveProps_ShouldReturnRevRelNameID" executed="True" result="Success" success="True" time="0.008" asserts="8" />
                          <test-case name="Habanero.Smooth.Test.TestOneToOneAutoMapper.Test_GetOwningPropName_OwnerHasProp_RelatedHasProp_NonStandardNaming_ShouldReturnFoundRelName" executed="True" result="Success" success="True" time="0.006" asserts="3" />
                          <test-case name="Habanero.Smooth.Test.TestOneToOneAutoMapper.Test_GetOwningPropName_OwnerHasProp_RelatedHasProp_ShouldReturnFoundRelName" executed="True" result="Success" success="True" time="0.006" asserts="3" />
                          <test-case name="Habanero.Smooth.Test.TestOneToOneAutoMapper.Test_GetOwningPropName_OwnerHasProp_RelatedNotHasProp_ShouldReturnRelatedTypePkName" executed="True" result="Success" success="True" time="0.005" asserts="5" />
                          <test-case name="Habanero.Smooth.Test.TestOneToOneAutoMapper.Test_GetOwningPropName_OwnerNotHasProp_RelatedHasProp_NonStandardNaming_ShouldReturnFoundRelName" executed="True" result="Success" success="True" time="0.006" asserts="3" />
                          <test-case name="Habanero.Smooth.Test.TestOneToOneAutoMapper.Test_GetOwningPropName_OwnerNotHasProp_RelatedHasProp_ShouldReturnFoundRelName" executed="True" result="Success" success="True" time="0.006" asserts="3" />
                          <test-case name="Habanero.Smooth.Test.TestOneToOneAutoMapper.Test_GetOwningPropName_WhenNeitherHaveProps_WhenOwnerGTRelated_ShouldReturnRevRelNameID" executed="True" result="Success" success="True" time="0.006" asserts="8" />
                          <test-case name="Habanero.Smooth.Test.TestOneToOneAutoMapper.Test_GetRelatedPropName_NeitherHaveProps_NonDefaultNaming_ShouldReturnRevRelNameID" executed="True" result="Success" success="True" time="0.006" asserts="8" />
                          <test-case name="Habanero.Smooth.Test.TestOneToOneAutoMapper.Test_GetRelatedPropName_NeitherHaveProps_ShouldReturnRevRelNameID" executed="True" result="Success" success="True" time="0.006" asserts="8" />
                          <test-case name="Habanero.Smooth.Test.TestOneToOneAutoMapper.Test_GetRelatedPropName_OwnerHasProp_RelatedHasProp_FakeNameConvention_ShouldReturnFoundRelName" executed="True" result="Success" success="True" time="0.006" asserts="3" />
                          <test-case name="Habanero.Smooth.Test.TestOneToOneAutoMapper.Test_GetRelatedPropName_OwnerHasProp_RelatedHasProp_ShouldReturnFoundRelName" executed="True" result="Success" success="True" time="0.006" asserts="3" />
                          <test-case name="Habanero.Smooth.Test.TestOneToOneAutoMapper.Test_GetRelatedPropName_OwnerHasProp_RelatedNotHasProp_ShouldReturnRelatedTypePkName" executed="True" result="Success" success="True" time="0.006" asserts="5" />
                          <test-case name="Habanero.Smooth.Test.TestOneToOneAutoMapper.Test_GetRelatedPropName_OwnerNotHasProp_RelatedHasProp_ShouldReturnFoundRelName" executed="True" result="Success" success="True" time="0.021" asserts="3" />
                          <test-case name="Habanero.Smooth.Test.TestOneToOneAutoMapper.Test_GetRelatedPropName_WhenNeitherHaveProps_WhenOwnerGTRelated_ShouldReturnRevRelNameID" executed="True" result="Success" success="True" time="0.006" asserts="8" />
                          <test-case name="Habanero.Smooth.Test.TestOneToOneAutoMapper.Test_Map_OwningBoHasFK_ShouldReturnRelatedTypePkName" executed="True" result="Success" success="True" time="0.012" asserts="9" />
                          <test-case name="Habanero.Smooth.Test.TestOneToOneAutoMapper.Test_Map_PropWithIgnoreAttribute_ShouldReturnNull" executed="True" result="Success" success="True" time="0.002" asserts="3" />
                          <test-case name="Habanero.Smooth.Test.TestOneToOneAutoMapper.Test_Map_ShouldCreateRelProp_WithCorrectNames" executed="True" result="Success" success="True" time="0.013" asserts="6" />
                          <test-case name="Habanero.Smooth.Test.TestOneToOneAutoMapper.Test_Map_ShouldSetRelationshipAsOneToOne" executed="True" result="Success" success="True" time="0.010" asserts="3" />
                          <test-case name="Habanero.Smooth.Test.TestOneToOneAutoMapper.Test_Map_ShouldSetReverseRelationshipName" executed="True" result="Success" success="True" time="0.011" asserts="5" />
                          <test-case name="Habanero.Smooth.Test.TestOneToOneAutoMapper.Test_Map_WhenNotSingleRel_ShouldReturnNull" executed="True" result="Success" success="True" time="0.001" asserts="3" />
                          <test-case name="Habanero.Smooth.Test.TestOneToOneAutoMapper.Test_Map_WhenNullPropInfo_ShouldReturnNull" executed="True" result="Success" success="True" time="0.000" asserts="1" />
                          <test-case name="Habanero.Smooth.Test.TestOneToOneAutoMapper.Test_Map_WhenOwningBoHasFK_ShouldSetOwningBoHasFKTrue" executed="True" result="Success" success="True" time="0.010" asserts="6" />
                          <test-case name="Habanero.Smooth.Test.TestOneToOneAutoMapper.Test_MustBeMapped_WhenPropIsInherited_ShouldRetFalse" executed="True" result="Success" success="True" time="0.005" asserts="10" />
                          <test-case name="Habanero.Smooth.Test.TestOneToOneAutoMapper.Test_OwningBoHasForeignKey_BothHave_FakeNameConvention_ShouldReturnFalse" executed="True" result="Success" success="True" time="0.005" asserts="4" />
                          <test-case name="Habanero.Smooth.Test.TestOneToOneAutoMapper.Test_OwningBoHasForeignKey_BothHaveProp_ShouldReturnFalse" executed="True" result="Success" success="True" time="0.005" asserts="4" />
                          <test-case name="Habanero.Smooth.Test.TestOneToOneAutoMapper.Test_OwningBoHasForeignKey_NeitherHaveProps_NonDefaultNaming_ShouldReturnFalse" executed="True" result="Success" success="True" time="0.008" asserts="4" />
                          <test-case name="Habanero.Smooth.Test.TestOneToOneAutoMapper.Test_OwningBoHasForeignKey_NeitherHaveProps_OwnerLTRelated_ShouldReturnFalse" executed="True" result="Success" success="True" time="0.006" asserts="4" />
                          <test-case name="Habanero.Smooth.Test.TestOneToOneAutoMapper.Test_OwningBoHasForeignKey_OwnerHasProp_RelatedNotHasProp_ShouldReturnTrue" executed="True" result="Success" success="True" time="0.005" asserts="3" />
                          <test-case name="Habanero.Smooth.Test.TestOneToOneAutoMapper.Test_OwningBoHasForeignKey_OwnerNotHasProp_RelatedHasProp_ShouldReturnFalse" executed="True" result="Success" success="True" time="0.005" asserts="3" />
                          <test-case name="Habanero.Smooth.Test.TestOneToOneAutoMapper.Test_OwningBOHasForeignKey_WhenIsAggregation_AndNeitherHaveProps_ShouldRetFalse" executed="True" result="Success" success="True" time="0.006" asserts="4" />
                          <test-case name="Habanero.Smooth.Test.TestOneToOneAutoMapper.Test_OwningBOHasForeignKey_WhenIsAssociation_AndNeitherHaveProps_WhenOwnerGTRelated_ShouldReturnTrue_FixBug909" executed="True" result="Success" success="True" time="0.007" asserts="5" />
                          <test-case name="Habanero.Smooth.Test.TestOneToOneAutoMapper.Test_OwningBOHasForeignKey_WhenIsAssociation_AndNeitherHaveProps_WhenOwnerLTRelated_ShouldReturnFalse_FixBug909" executed="True" result="Success" success="True" time="0.006" asserts="5" />
                          <test-case name="Habanero.Smooth.Test.TestOneToOneAutoMapper.Test_OwningBOHasForeignKey_WhenIsComposition_AndNeitherHaveProps_ShouldRetFalse" executed="True" result="Success" success="True" time="0.005" asserts="4" />
                          <test-case name="Habanero.Smooth.Test.TestOneToOneAutoMapper.Test_OwningBoHasForeignKey_WhenNeitherHaveProps_WhenOwnerGTRelated_ShouldReturnTrue" executed="True" result="Success" success="True" time="0.006" asserts="4" />
                          <test-case name="Habanero.Smooth.Test.TestOneToOneAutoMapper.Test_ReverseRelationshipName_ShouldBeSameAsPropReverseRelName" executed="True" result="Success" success="True" time="0.001" asserts="2" />
                          <test-case name="Habanero.Smooth.Test.TestOneToOneAutoMapper.Test_SetPropNamingConvention_ShouldSetConvention" executed="True" result="Success" success="True" time="0.000" asserts="1" />
                          <test-case name="Habanero.Smooth.Test.TestOneToOneAutoMapper.TestAccept_Map_WhenHasTwoSingleReverseRel_WithNoAttributes_ShouldRaiseError" executed="True" result="Success" success="True" time="0.002" asserts="9" />
                          <test-case name="Habanero.Smooth.Test.TestOneToOneAutoMapper.TestAccept_Map_WhenIsPrivateProperty_ShouldReturnNull" executed="True" result="Success" success="True" time="0.000" asserts="3" />
                          <test-case name="Habanero.Smooth.Test.TestOneToOneAutoMapper.TestAccept_Map_WhenIsStaticProperty_ShouldReturnNull" executed="True" result="Success" success="True" time="0.000" asserts="3" />
                          <test-case name="Habanero.Smooth.Test.TestOneToOneAutoMapper.TestAccept_Map_WhenMappedViaAttributes_ButTypeIsInterface_ShouldNotMap" executed="True" result="Success" success="True" time="0.000" asserts="3" />
                          <test-case name="Habanero.Smooth.Test.TestOneToOneAutoMapper.TestAccept_Map_WhenMappedViaAttributesWithNoRevRel_WhouldSetReverseRelNameToMappedName" executed="True" result="Success" success="True" time="0.001" asserts="5" />
                          <test-case name="Habanero.Smooth.Test.TestOneToOneAutoMapper.TestAccept_Map_WhenNoReverseRelNoAttribute_ShouldReturnNull" executed="True" result="Success" success="True" time="0.001" asserts="3" />
                          <test-case name="Habanero.Smooth.Test.TestOneToOneAutoMapper.TestAccept_Map_WhenRelationshipTypeDefinedAsAggregation_ShouldSetDeleteActionPrevent" executed="True" result="Success" success="True" time="0.001" asserts="5" />
                          <test-case name="Habanero.Smooth.Test.TestOneToOneAutoMapper.TestAccept_Map_WhenRelationshipTypeDefinedAsAggregation_ShouldSetToAggregation" executed="True" result="Success" success="True" time="0.002" asserts="4" />
                          <test-case name="Habanero.Smooth.Test.TestOneToOneAutoMapper.TestAccept_Map_WhenRelationshipTypeDefinedAsAssociation_ShouldSetDeleteActionDoNothing" executed="True" result="Success" success="True" time="0.002" asserts="5" />
                          <test-case name="Habanero.Smooth.Test.TestOneToOneAutoMapper.TestAccept_Map_WhenRelationshipTypeNotDefined_ButRevRelComposition_ShouldSetDeleteActionDoNothing" executed="True" result="Success" success="True" time="0.003" asserts="5" />
                          <test-case name="Habanero.Smooth.Test.TestOneToOneAutoMapper.TestAccept_Map_WhenRelTypeCompos_AndRelPropsDefined_ShouldSetDeleteActionPrevent" executed="True" result="Success" success="True" time="0.002" asserts="5" />
                          <test-case name="Habanero.Smooth.Test.TestOneToOneAutoMapper.TestAccept_Map_WhenRevRelTypeCompos_AndRelPropsDefined_ShouldSetDeleteActionDoNothing" executed="True" result="Success" success="True" time="0.002" asserts="5" />
                        </results>
                      </test-suite>
                      <test-suite type="TestFixture" name="TestPropertyAutoMapper" executed="True" result="Success" success="True" time="0.067" asserts="0">
                        <results>
                          <test-case name="Habanero.Smooth.Test.TestPropertyAutoMapper.Test_ConstructWithNullPropInfo_ShouldRaiseError" executed="True" result="Success" success="True" time="0.000" asserts="2" />
                          <test-case name="Habanero.Smooth.Test.TestPropertyAutoMapper.Test_ConstructWithNullPropWrapper_ShouldRaiseError" executed="True" result="Success" success="True" time="0.000" asserts="2" />
                          <test-case name="Habanero.Smooth.Test.TestPropertyAutoMapper.Test_Map_WhenCompulsoryAttribute_ShouldReturnMakePropDefCompulsoryTrue" executed="True" result="Success" success="True" time="0.001" asserts="7" />
                          <test-case name="Habanero.Smooth.Test.TestPropertyAutoMapper.Test_Map_WhenDefaultAttribute_ShouldReturnPropDefWithDefaultSet" executed="True" result="Success" success="True" time="0.001" asserts="6" />
                          <test-case name="Habanero.Smooth.Test.TestPropertyAutoMapper.Test_Map_WhenHasAutoIncrementingAttribute_ShouldMakePropertyAutoIncrementing" executed="True" result="Success" success="True" time="0.000" asserts="6" />
                          <test-case name="Habanero.Smooth.Test.TestPropertyAutoMapper.Test_Map_WhenHasIgnoreAttribute_ShouldReturnNull" executed="True" result="Success" success="True" time="0.000" asserts="5" />
                          <test-case name="Habanero.Smooth.Test.TestPropertyAutoMapper.Test_Map_WhenHasNoAutoIncrementingAttribute_ShouldNotMakePropertyAutoIncrementing" executed="True" result="Success" success="True" time="0.001" asserts="6" />
                          <test-case name="Habanero.Smooth.Test.TestPropertyAutoMapper.Test_Map_WhenImplementedProp_ShouldReturnPropDef" executed="True" result="Success" success="True" time="0.000" asserts="7" />
                          <test-case name="Habanero.Smooth.Test.TestPropertyAutoMapper.Test_Map_WhenInheritedProp_ShouldReturnNull" executed="True" result="Success" success="True" time="0.000" asserts="6" />
                          <test-case name="Habanero.Smooth.Test.TestPropertyAutoMapper.Test_Map_WhenIsStatic_ShouldReturnNull" executed="True" result="Success" success="True" time="0.000" asserts="4" />
                          <test-case name="Habanero.Smooth.Test.TestPropertyAutoMapper.Test_Map_WhenNoCompulsoryAttribute_ShouldReturnMakePropDefCompulsoryFalse" executed="True" result="Success" success="True" time="0.000" asserts="6" />
                          <test-case name="Habanero.Smooth.Test.TestPropertyAutoMapper.Test_Map_WhenOverriddenProp_ShouldReturnNull" executed="True" result="Success" success="True" time="0.001" asserts="6" />
                          <test-case name="Habanero.Smooth.Test.TestPropertyAutoMapper.Test_Map_WhenTypeNotSystem_ShouldReturnNull" executed="True" result="Success" success="True" time="0.001" asserts="4" />
                          <test-suite type="ParameterizedTest" name="Test_MapProperty_WhenPublicProp_ShouldSetPropNameAndType" executed="True" result="Success" success="True" time="0.014" asserts="0">
                            <results>
                              <test-case name="Habanero.Smooth.Test.TestPropertyAutoMapper.Test_MapProperty_WhenPublicProp_ShouldSetPropNameAndType(&quot;PublicEnumProp&quot;,Habanero.Smooth.Test.FakeEnum,&quot;Habanero.Smooth.Test.FakeEnum&quot;)" executed="True" result="Success" success="True" time="0.001" asserts="8" />
                              <test-case name="Habanero.Smooth.Test.TestPropertyAutoMapper.Test_MapProperty_WhenPublicProp_ShouldSetPropNameAndType(&quot;PublicGetNullableGuidProp&quot;,System.Nullable`1[System.Guid],&quot;System.Guid&quot;)" executed="True" result="Success" success="True" time="0.000" asserts="8" />
                              <test-case name="Habanero.Smooth.Test.TestPropertyAutoMapper.Test_MapProperty_WhenPublicProp_ShouldSetPropNameAndType(&quot;PublicIntProp&quot;,System.Int32,&quot;System.Int32&quot;)" executed="True" result="Success" success="True" time="0.000" asserts="8" />
                              <test-case name="Habanero.Smooth.Test.TestPropertyAutoMapper.Test_MapProperty_WhenPublicProp_ShouldSetPropNameAndType(&quot;PublicGetGuidProp&quot;,System.Guid,&quot;System.Guid&quot;)" executed="True" result="Success" success="True" time="0.000" asserts="8" />
                              <test-case name="Habanero.Smooth.Test.TestPropertyAutoMapper.Test_MapProperty_WhenPublicProp_ShouldSetPropNameAndType(&quot;PublicNullableEnumProp&quot;,System.Nullable`1[Habanero.Smooth.Test.FakeEnum],&quot;Habanero.Smooth.Test.FakeEnum&quot;)" executed="True" result="Success" success="True" time="0.000" asserts="8" />
                              <test-case name="Habanero.Smooth.Test.TestPropertyAutoMapper.Test_MapProperty_WhenPublicProp_ShouldSetPropNameAndType(&quot;PublicPropWithAtt&quot;,System.Nullable`1[System.Single],&quot;System.Single&quot;)" executed="True" result="Success" success="True" time="0.000" asserts="8" />
                              <test-case name="Habanero.Smooth.Test.TestPropertyAutoMapper.Test_MapProperty_WhenPublicProp_ShouldSetPropNameAndType(&quot;PublicStringProp&quot;,System.String,&quot;System.String&quot;)" executed="True" result="Success" success="True" time="0.000" asserts="8" />
                            </results>
                          </test-suite>
[...]
                            <reason>
                              <message><![CDATA[Not Yet Implemented]]></message>
                            </reason>
                          </test-case>
                          <test-case name="TestProject.Test.BO.TestDriver.Test_UpdateDriver" executed="True" result="Success" success="True" time="0.021" asserts="5" />
                        </results>
                      </test-suite>
                      <test-suite type="TestFixture" name="TestSteeringWheel" executed="True" result="Success" success="True" time="0.128" asserts="0">
                        <results>
                          <test-case name="TestProject.Test.BO.TestSteeringWheel.Test_CreateSteeringWheelWithDefaults" executed="True" result="Success" success="True" time="0.006" asserts="3" />
                          <test-case name="TestProject.Test.BO.TestSteeringWheel.Test_DeleteSteeringWheel" executed="True" result="Success" success="True" time="0.005" asserts="2" />
                          <test-case name="TestProject.Test.BO.TestSteeringWheel.Test_LoadSteeringWheel" executed="True" result="Success" success="True" time="0.005" asserts="2" />
                          <test-case name="TestProject.Test.BO.TestSteeringWheel.Test_LoadThroughSingleRelationship_Car" executed="True" result="Success" success="True" time="0.015" asserts="3" />
                          <test-case name="TestProject.Test.BO.TestSteeringWheel.Test_NonIDPrimaryKey_ChecksForUniqueness" executed="True" result="Success" success="True" time="0.005" asserts="0" />
                          <test-case name="TestProject.Test.BO.TestSteeringWheel.Test_NotSettingCompulsoryPropertiesThrowsException" executed="True" result="Success" success="True" time="0.005" asserts="1" />
                          <test-case name="TestProject.Test.BO.TestSteeringWheel.Test_PropertyGetters" executed="True" result="Success" success="True" time="0.006" asserts="1" />
                          <test-case name="TestProject.Test.BO.TestSteeringWheel.Test_PropertyGettersUseCorrectPropertyNames" executed="True" result="Success" success="True" time="0.006" asserts="1" />
                          <test-case name="TestProject.Test.BO.TestSteeringWheel.Test_PropertySettersUseCorrectPropertyNames" executed="True" result="Success" success="True" time="0.005" asserts="1" />
                          <test-case name="TestProject.Test.BO.TestSteeringWheel.Test_ReadWriteRules" executed="True" result="Success" success="True" time="0.005" asserts="2" />
                          <test-case name="TestProject.Test.BO.TestSteeringWheel.Test_SaveSteeringWheel" executed="True" result="Success" success="True" time="0.007" asserts="4" />
                          <test-case name="TestProject.Test.BO.TestSteeringWheel.Test_SetPropertyValue_Null" executed="True" result="Success" success="True" time="0.015" asserts="1" />
                          <test-case name="TestProject.Test.BO.TestSteeringWheel.Test_SingleRelationshipDeletion_DoNothing_Car" executed="True" result="Success" success="True" time="0.016" asserts="3" />
                          <test-case name="TestProject.Test.BO.TestSteeringWheel.Test_ToString" executed="False" result="Ignored">
                            <reason>
                              <message><![CDATA[Not Yet Implemented]]></message>
                            </reason>
                          </test-case>
                          <test-case name="TestProject.Test.BO.TestSteeringWheel.Test_UpdateSteeringWheel" executed="True" result="Success" success="True" time="0.015" asserts="1" />
                        </results>
                      </test-suite>
                      <test-suite type="TestFixture" name="TestVehicle" executed="True" result="Success" success="True" time="0.100" asserts="0">
                        <results>
                          <test-case name="TestProject.Test.BO.TestVehicle.Test_CreateVehicleWithDefaults" executed="True" result="Success" success="True" time="0.012" asserts="4" />
                          <test-case name="TestProject.Test.BO.TestVehicle.Test_DeleteVehicle" executed="True" result="Success" success="True" time="0.005" asserts="2" />
                          <test-case name="TestProject.Test.BO.TestVehicle.Test_LoadVehicle" executed="True" result="Success" success="True" time="0.005" asserts="3" />
                          <test-case name="TestProject.Test.BO.TestVehicle.Test_NonIDPrimaryKey_ChecksForUniqueness" executed="True" result="Success" success="True" time="0.005" asserts="0" />
                          <test-case name="TestProject.Test.BO.TestVehicle.Test_NotSettingCompulsoryPropertiesThrowsException" executed="True" result="Success" success="True" time="0.005" asserts="1" />
                          <test-case name="TestProject.Test.BO.TestVehicle.Test_PropertyGetters" executed="True" result="Success" success="True" time="0.005" asserts="2" />
                          <test-case name="TestProject.Test.BO.TestVehicle.Test_PropertyGettersUseCorrectPropertyNames" executed="True" result="Success" success="True" time="0.006" asserts="2" />
                          <test-case name="TestProject.Test.BO.TestVehicle.Test_PropertySettersUseCorrectPropertyNames" executed="True" result="Success" success="True" time="0.005" asserts="2" />
                          <test-case name="TestProject.Test.BO.TestVehicle.Test_ReadWriteRules" executed="True" result="Success" success="True" time="0.005" asserts="3" />
                          <test-case name="TestProject.Test.BO.TestVehicle.Test_SaveVehicle" executed="True" result="Success" success="True" time="0.007" asserts="4" />
                          <test-case name="TestProject.Test.BO.TestVehicle.Test_SetPropertyValue_Null" executed="True" result="Success" success="True" time="0.014" asserts="2" />
                          <test-case name="TestProject.Test.BO.TestVehicle.Test_ToString" executed="False" result="Ignored">
                            <reason>
                              <message><![CDATA[Not Yet Implemented]]></message>
                            </reason>
                          </test-case>
                          <test-case name="TestProject.Test.BO.TestVehicle.Test_UpdateVehicle" executed="True" result="Success" success="True" time="0.015" asserts="2" />
                        </results>
                      </test-suite>
                    </results>
                  </test-suite>
                </results>
              </test-suite>
            </results>
          </test-suite>
        </results>
      </test-suite>
      <test-suite type="Assembly" name="bin\TestProjectNoDBSpecificProps.Test.BO.dll" executed="True" result="Success" success="True" time="1.364" asserts="0">
        <results>
          <test-suite type="Namespace" name="TestProjectNoDBSpecificProps" executed="True" result="Success" success="True" time="1.360" asserts="0">
            <results>
              <test-suite type="Namespace" name="Test" executed="True" result="Success" success="True" time="1.360" asserts="0">
                <results>
                  <test-suite type="Namespace" name="BO" executed="True" result="Success" success="True" time="1.356" asserts="0">
                    <results>
                      <test-suite type="TestFixture" name="TestCar" executed="True" result="Success" success="True" time="0.899" asserts="0">
                        <results>
                          <test-case name="TestProjectNoDBSpecificProps.Test.BO.TestCar.Test_CreateCarWithDefaults" executed="True" result="Success" success="True" time="0.160" asserts="3" />
                          <test-case name="TestProjectNoDBSpecificProps.Test.BO.TestCar.Test_DeleteCar" executed="True" result="Success" success="True" time="0.083" asserts="2" />
                          <test-case name="TestProjectNoDBSpecificProps.Test.BO.TestCar.Test_Inheritance_CodeClass_InheritsCorrectly" executed="True" result="Success" success="True" time="0.008" asserts="1" />
                          <test-case name="TestProjectNoDBSpecificProps.Test.BO.TestCar.Test_Inheritance_SuperClassDef_Exists" executed="True" result="Success" success="True" time="0.012" asserts="1" />
                          <test-case name="TestProjectNoDBSpecificProps.Test.BO.TestCar.Test_Inheritance_SuperClassDef_PropertiesCorrect" executed="True" result="Success" success="True" time="0.011" asserts="3" />
                          <test-case name="TestProjectNoDBSpecificProps.Test.BO.TestCar.Test_Inheritance_SuperClassDef_RelatedClassIsCorrect" executed="True" result="Success" success="True" time="0.007" asserts="2" />
                          <test-case name="TestProjectNoDBSpecificProps.Test.BO.TestCar.Test_LoadCar" executed="True" result="Success" success="True" time="0.010" asserts="3" />
                          <test-case name="TestProjectNoDBSpecificProps.Test.BO.TestCar.Test_LoadThroughMultipleRelationship_Drivers" executed="True" result="Success" success="True" time="0.054" asserts="5" />
                          <test-case name="TestProjectNoDBSpecificProps.Test.BO.TestCar.Test_LoadThroughSingleRelationship_SteeringWheel" executed="True" result="Success" success="True" time="0.030" asserts="3" />
                          <test-case name="TestProjectNoDBSpecificProps.Test.BO.TestCar.Test_MultipleRelationshipDeletion_PreventDelete_Drivers" executed="True" result="Success" success="True" time="0.011" asserts="4" />
                          <test-case name="TestProjectNoDBSpecificProps.Test.BO.TestCar.Test_NonIDPrimaryKey_ChecksForUniqueness" executed="True" result="Success" success="True" time="0.008" asserts="0" />
                          <test-case name="TestProjectNoDBSpecificProps.Test.BO.TestCar.Test_NotSettingCompulsoryPropertiesThrowsException" executed="True" result="Success" success="True" time="0.007" asserts="0" />
                          <test-case name="TestProjectNoDBSpecificProps.Test.BO.TestCar.Test_PropertyGetters" executed="True" result="Success" success="True" time="0.009" asserts="3" />
                          <test-case name="TestProjectNoDBSpecificProps.Test.BO.TestCar.Test_PropertyGettersUseCorrectPropertyNames" executed="True" result="Success" success="True" time="0.009" asserts="2" />
                          <test-case name="TestProjectNoDBSpecificProps.Test.BO.TestCar.Test_PropertySettersUseCorrectPropertyNames" executed="True" result="Success" success="True" time="0.008" asserts="2" />
                          <test-case name="TestProjectNoDBSpecificProps.Test.BO.TestCar.Test_ReadWriteRules" executed="True" result="Success" success="True" time="0.009" asserts="5" />
                          <test-case name="TestProjectNoDBSpecificProps.Test.BO.TestCar.Test_SaveCar" executed="True" result="Success" success="True" time="0.013" asserts="4" />
                          <test-case name="TestProjectNoDBSpecificProps.Test.BO.TestCar.Test_SetPropertyValue_Null" executed="True" result="Success" success="True" time="0.024" asserts="2" />
                          <test-case name="TestProjectNoDBSpecificProps.Test.BO.TestCar.Test_UpdateCar" executed="True" result="Success" success="True" time="0.023" asserts="3" />
                        </results>
                      </test-suite>
                      <test-suite type="TestFixture" name="TestDriver" executed="True" result="Success" success="True" time="0.176" asserts="0">
                        <results>
                          <test-case name="TestProjectNoDBSpecificProps.Test.BO.TestDriver.Test_CreateDriverWithDefaults" executed="True" result="Success" success="True" time="0.017" asserts="7" />
                          <test-case name="TestProjectNoDBSpecificProps.Test.BO.TestDriver.Test_DeleteDriver" executed="True" result="Success" success="True" time="0.010" asserts="2" />
                          <test-case name="TestProjectNoDBSpecificProps.Test.BO.TestDriver.Test_LoadDriver" executed="True" result="Success" success="True" time="0.009" asserts="6" />
                          <test-case name="TestProjectNoDBSpecificProps.Test.BO.TestDriver.Test_LoadThroughSingleRelationship_Car" executed="True" result="Success" success="True" time="0.022" asserts="3" />
                          <test-case name="TestProjectNoDBSpecificProps.Test.BO.TestDriver.Test_NonIDPrimaryKey_ChecksForUniqueness" executed="True" result="Success" success="True" time="0.007" asserts="0" />
                          <test-case name="TestProjectNoDBSpecificProps.Test.BO.TestDriver.Test_PropertyGetters" executed="True" result="Success" success="True" time="0.008" asserts="5" />
                          <test-case name="TestProjectNoDBSpecificProps.Test.BO.TestDriver.Test_PropertyGettersUseCorrectPropertyNames" executed="True" result="Success" success="True" time="0.008" asserts="4" />
                          <test-case name="TestProjectNoDBSpecificProps.Test.BO.TestDriver.Test_PropertySettersUseCorrectPropertyNames" executed="True" result="Success" success="True" time="0.008" asserts="4" />
                          <test-case name="TestProjectNoDBSpecificProps.Test.BO.TestDriver.Test_ReadWriteRules" executed="True" result="Success" success="True" time="0.008" asserts="5" />
                          <test-case name="TestProjectNoDBSpecificProps.Test.BO.TestDriver.Test_SaveDriver" executed="True" result="Success" success="True" time="0.008" asserts="4" />
                          <test-case name="TestProjectNoDBSpecificProps.Test.BO.TestDriver.Test_SetPropertyValue_Null" executed="True" result="Success" success="True" time="0.022" asserts="4" />
                          <test-case name="TestProjectNoDBSpecificProps.Test.BO.TestDriver.Test_SingleRelationshipDeletion_DoNothing_Car" executed="True" result="Success" success="True" time="0.021" asserts="3" />
                          <test-case name="TestProjectNoDBSpecificProps.Test.BO.TestDriver.Test_UpdateDriver" executed="True" result="Success" success="True" time="0.021" asserts="5" />
                        </results>
                      </test-suite>
                      <test-suite type="TestFixture" name="TestSteeringWheel" executed="True" result="Success" success="True" time="0.156" asserts="0">
                        <results>
                          <test-case name="TestProjectNoDBSpecificProps.Test.BO.TestSteeringWheel.Test_CreateSteeringWheelWithDefaults" executed="True" result="Success" success="True" time="0.007" asserts="0" />
                          <test-case name="TestProjectNoDBSpecificProps.Test.BO.TestSteeringWheel.Test_DeleteSteeringWheel" executed="True" result="Success" success="True" time="0.008" asserts="2" />
                          <test-case name="TestProjectNoDBSpecificProps.Test.BO.TestSteeringWheel.Test_LoadSteeringWheel" executed="True" result="Success" success="True" time="0.007" asserts="0" />
                          <test-case name="TestProjectNoDBSpecificProps.Test.BO.TestSteeringWheel.Test_LoadThroughSingleRelationship_Car" executed="True" result="Success" success="True" time="0.020" asserts="3" />
                          <test-case name="TestProjectNoDBSpecificProps.Test.BO.TestSteeringWheel.Test_NonIDPrimaryKey_ChecksForUniqueness" executed="True" result="Success" success="True" time="0.013" asserts="0" />
                          <test-case name="TestProjectNoDBSpecificProps.Test.BO.TestSteeringWheel.Test_PropertyGetters" executed="True" result="Success" success="True" time="0.007" asserts="0" />
                          <test-case name="TestProjectNoDBSpecificProps.Test.BO.TestSteeringWheel.Test_PropertyGettersUseCorrectPropertyNames" executed="True" result="Success" success="True" time="0.007" asserts="1" />
                          <test-case name="TestProjectNoDBSpecificProps.Test.BO.TestSteeringWheel.Test_PropertySettersUseCorrectPropertyNames" executed="True" result="Success" success="True" time="0.007" asserts="1" />
                          <test-case name="TestProjectNoDBSpecificProps.Test.BO.TestSteeringWheel.Test_ReadWriteRules" executed="True" result="Success" success="True" time="0.007" asserts="2" />
                          <test-case name="TestProjectNoDBSpecificProps.Test.BO.TestSteeringWheel.Test_SaveSteeringWheel" executed="True" result="Success" success="True" time="0.008" asserts="4" />
                          <test-case name="TestProjectNoDBSpecificProps.Test.BO.TestSteeringWheel.Test_SetPropertyValue_Null" executed="True" result="Success" success="True" time="0.018" asserts="1" />
                          <test-case name="TestProjectNoDBSpecificProps.Test.BO.TestSteeringWheel.Test_SingleRelationshipDeletion_DoNothing_Car" executed="True" result="Success" success="True" time="0.018" asserts="3" />
                          <test-case name="TestProjectNoDBSpecificProps.Test.BO.TestSteeringWheel.Test_UpdateSteeringWheel" executed="True" result="Success" success="True" time="0.017" asserts="0" />
                        </results>
                      </test-suite>
                      <test-suite type="TestFixture" name="TestVehicle" executed="True" result="Success" success="True" time="0.106" asserts="0">
                        <results>
                          <test-case name="TestProjectNoDBSpecificProps.Test.BO.TestVehicle.Test_CreateVehicleWithDefaults" executed="True" result="Success" success="True" time="0.006" asserts="1" />
                          <test-case name="TestProjectNoDBSpecificProps.Test.BO.TestVehicle.Test_DeleteVehicle" executed="True" result="Success" success="True" time="0.007" asserts="2" />
                          <test-case name="TestProjectNoDBSpecificProps.Test.BO.TestVehicle.Test_LoadVehicle" executed="True" result="Success" success="True" time="0.006" asserts="1" />
                          <test-case name="TestProjectNoDBSpecificProps.Test.BO.TestVehicle.Test_NonIDPrimaryKey_ChecksForUniqueness" executed="True" result="Success" success="True" time="0.006" asserts="0" />
                          <test-case name="TestProjectNoDBSpecificProps.Test.BO.TestVehicle.Test_PropertyGetters" executed="True" result="Success" success="True" time="0.006" asserts="1" />
                          <test-case name="TestProjectNoDBSpecificProps.Test.BO.TestVehicle.Test_PropertyGettersUseCorrectPropertyNames" executed="True" result="Success" success="True" time="0.005" asserts="1" />
                          <test-case name="TestProjectNoDBSpecificProps.Test.BO.TestVehicle.Test_PropertySettersUseCorrectPropertyNames" executed="True" result="Success" success="True" time="0.006" asserts="2" />
                          <test-case name="TestProjectNoDBSpecificProps.Test.BO.TestVehicle.Test_ReadWriteRules" executed="True" result="Success" success="True" time="0.005" asserts="3" />
                          <test-case name="TestProjectNoDBSpecificProps.Test.BO.TestVehicle.Test_SaveVehicle" executed="True" result="Success" success="True" time="0.008" asserts="4" />
                          <test-case name="TestProjectNoDBSpecificProps.Test.BO.TestVehicle.Test_SetPropertyValue_Null" executed="True" result="Success" success="True" time="0.022" asserts="1" />
                          <test-case name="TestProjectNoDBSpecificProps.Test.BO.TestVehicle.Test_UpdateVehicle" executed="True" result="Success" success="True" time="0.017" asserts="1" />
                        </results>
                      </test-suite>
                    </results>
                  </test-suite>
                </results>
              </test-suite>
            </results>
          </test-suite>
        </results>
      </test-suite>
    </results>
  </test-suite>
</test-results>